<?xml version="1.0" encoding="utf-8"?><testsuites name="pytest tests"><testsuite name="pytest" errors="0" failures="0" skipped="0" tests="12" time="2.328" timestamp="2026-06-28T02:24:06.939583+00:00" hostname="agent-env-c37fb337-39e5-4b06-bcaa-90e7453ae468"><testcase classname="tests.test_euryx_api.TestPokemonSearch" name="test_search_charizard" time="0.513" /><testcase classname="tests.test_euryx_api.TestAuth" name="test_signup_short_password" time="0.263" /><testcase classname="tests.test_euryx_api.TestAuth" name="test_signup_success_and_me" time="0.368" /><testcase classname="tests.test_euryx_api.TestPokemonSearch" name="test_search_empty" time="0.185" /><testcase classname="tests.test_euryx_api.TestAuth" name="test_signup_duplicate" time="0.085" /><testcase classname="tests.test_euryx_api.TestDecks" name="test_decks_no_auth" time="0.098" /><testcase classname="tests.test_euryx_api.TestAuth" name="test_login_valid_seed" time="0.259" /><testcase classname="tests.test_euryx_api.TestDecks" name="test_decks_get_then_create" time="0.823" /><testcase classname="tests.test_euryx_api.TestAuth" name="test_login_invalid" time="0.178" /><testcase classname="tests.test_euryx_api.TestAuth" name="test_me_no_cookie" time="0.106" /><testcase classname="tests.test_euryx_api.TestAuth" name="test_logout_clears_cookie" time="0.549" /><testcase classname="tests.test_euryx_api.TestHealth" name="test_health" time="0.095" /></testsuite></testsuites>